Starting PRIMoRDiA software!
 Calculations Starting at: Sat Aug 24 19:54:36 2024

------------------------------------------------------

Provided Arguments: 
	primordia
	-input
	-op
	1
	-p
	mopac
	-grid
	40
------------------------------------------------------

Exiting PRIMoRDiA after 0.00499186 seconds
===========================================================================
Starting PRIMoRDiA software!
 Calculations Starting at: Sat Aug 24 20:19:50 2024

------------------------------------------------------

Provided Arguments: 
	primordia
	-f
	primordia.input
------------------------------------------------------

Starting the descriptors calculation!
Starting to process the input file parameters for reactivity descriptors!

------------------------------------------------------

Starting New Entry!
======================================================

molecule name 1emv_wt_A_B
Parameters for calculating the Reactivity descriptors:
	Approximation: Frozen Orbital
	Grid size: 80
	Program QM output: mopac
	local hardness method: none
------------------------------------------------------

Starting to parse MOPAC AUX file.

###************************ERROR************************###
	In convert some string to double!
 verify you input file, error may be in the position of an argument!

#*******************End of Error Message*******************

The problematic line is: 
	AO_CHARGES[08448]= 
Found number of atoms in the aux file: 
	3343

Number of electron in the system: 
	9414

Number of atomic orbitals: 
	8448

Size of Overlap matrix: 
	35688576
Number of MO vectors: 
	71368704
Number of MO energy levels: 
	8448
Number of MO occupancies read: 
	8448
Formal Charge: 
	-6
Checking molecular information!
HOMO energy: 
	-6.531000
HOMO number: 
	4709
LUMO energy: 
	0.389000
LUMO number: 
	4710
Time to read QM file: 62.2285
Finishing the writting of the condensed local reactivity descriptors.
------------------------------------------------------

Cartesian molecular coordinates converted to bohr.
Definind the grid vertices.
Finishing writting the local reactivity descriptos grids.
There are no contents in the line! Verify your input file!
Ending reactivity descriptors calculations.
Exiting PRIMoRDiA after 69.6244 seconds
===========================================================================
